

Started GET "/" for ::1 at 2015-06-05 10:20:22 -0500
Processing by Rails::WelcomeController#index as HTML
  Rendered /Users/ebrengle/.rvm/gems/ruby-2.2.2/gems/railties-4.2.0/lib/rails/templates/rails/welcome/index.html.erb (2.4ms)
Completed 200 OK in 27ms (Views: 14.5ms | ActiveRecord: 0.0ms)


Started GET "/static_pages/home" for ::1 at 2015-06-05 10:21:17 -0500
Processing by StaticPagesController#home as HTML
  Rendered static_pages/home.html.erb within layouts/application (0.4ms)
Completed 200 OK in 1559ms (Views: 1558.0ms | ActiveRecord: 0.0ms)


Started GET "/assets/static_pages.self-e3b0c44298fc1c149afbf4c8996fb92427ae41e4649b934ca495991b7852b855.css?body=1" for ::1 at 2015-06-05 10:21:19 -0500


Started GET "/assets/static_pages.self-877aef30ae1b040ab8a3aba4e3e309a11d7f2612f44dde450b5c157aa5f95c05.js?body=1" for ::1 at 2015-06-05 10:21:19 -0500


Started GET "/static_pages/home" for ::1 at 2015-06-05 12:44:35 -0500

ArgumentError (Missing :controller key on routes definition, please check your routes.):
  config/routes.rb:2:in `block in <top (required)>'
  config/routes.rb:1:in `<top (required)>'


  Rendered /Users/ebrengle/.rvm/gems/ruby-2.2.2/gems/web-console-2.0.0.beta3/lib/action_dispatch/templates/rescues/_source.erb (8.4ms)
  Rendered /Users/ebrengle/.rvm/gems/ruby-2.2.2/gems/web-console-2.0.0.beta3/lib/action_dispatch/templates/rescues/_trace.html.erb (11.7ms)
  Rendered /Users/ebrengle/.rvm/gems/ruby-2.2.2/gems/web-console-2.0.0.beta3/lib/action_dispatch/templates/rescues/_request_and_response.html.erb (4.7ms)
  Rendered /Users/ebrengle/.rvm/gems/ruby-2.2.2/gems/web-console-2.0.0.beta3/lib/action_dispatch/templates/rescues/_web_console.html.erb (2.3ms)
  Rendered /Users/ebrengle/.rvm/gems/ruby-2.2.2/gems/web-console-2.0.0.beta3/lib/action_dispatch/templates/rescues/diagnostics.html.erb within rescues/layout (125.8ms)


Started GET "/" for ::1 at 2015-06-05 12:44:38 -0500

ActionController::RoutingError (No route matches [GET] "/"):
  web-console (2.0.0.beta3) lib/action_dispatch/debug_exceptions.rb:22:in `middleware_call'
  web-console (2.0.0.beta3) lib/action_dispatch/debug_exceptions.rb:13:in `call'
  actionpack (4.2.0) lib/action_dispatch/middleware/show_exceptions.rb:30:in `call'
  railties (4.2.0) lib/rails/rack/logger.rb:38:in `call_app'
  railties (4.2.0) lib/rails/rack/logger.rb:20:in `block in call'
  activesupport (4.2.0) lib/active_support/tagged_logging.rb:68:in `block in tagged'
  activesupport (4.2.0) lib/active_support/tagged_logging.rb:26:in `tagged'
  activesupport (4.2.0) lib/active_support/tagged_logging.rb:68:in `tagged'
  railties (4.2.0) lib/rails/rack/logger.rb:20:in `call'
  actionpack (4.2.0) lib/action_dispatch/middleware/request_id.rb:21:in `call'
  rack (1.6.1) lib/rack/methodoverride.rb:22:in `call'
  rack (1.6.1) lib/rack/runtime.rb:18:in `call'
  activesupport (4.2.0) lib/active_support/cache/strategy/local_cache_middleware.rb:28:in `call'
  rack (1.6.1) lib/rack/lock.rb:17:in `call'
  actionpack (4.2.0) lib/action_dispatch/middleware/static.rb:113:in `call'
  rack (1.6.1) lib/rack/sendfile.rb:113:in `call'
  railties (4.2.0) lib/rails/engine.rb:518:in `call'
  railties (4.2.0) lib/rails/application.rb:164:in `call'
  rack (1.6.1) lib/rack/lock.rb:17:in `call'
  rack (1.6.1) lib/rack/content_length.rb:15:in `call'
  rack (1.6.1) lib/rack/handler/webrick.rb:89:in `service'
  /Users/ebrengle/.rvm/rubies/ruby-2.2.2/lib/ruby/2.2.0/webrick/httpserver.rb:138:in `service'
  /Users/ebrengle/.rvm/rubies/ruby-2.2.2/lib/ruby/2.2.0/webrick/httpserver.rb:94:in `run'
  /Users/ebrengle/.rvm/rubies/ruby-2.2.2/lib/ruby/2.2.0/webrick/server.rb:294:in `block in start_thread'


  Rendered /Users/ebrengle/.rvm/gems/ruby-2.2.2/gems/web-console-2.0.0.beta3/lib/action_dispatch/templates/rescues/_trace.html.erb (1.5ms)
  Rendered /Users/ebrengle/.rvm/gems/ruby-2.2.2/gems/web-console-2.0.0.beta3/lib/action_dispatch/templates/rescues/routing_error.html.erb within rescues/layout (50.5ms)


Started GET "/" for ::1 at 2015-06-05 12:45:35 -0500
Processing by StaticPagesController#home as HTML
  Rendered static_pages/home.html.erb within layouts/application (0.9ms)
Completed 200 OK in 66ms (Views: 64.9ms | ActiveRecord: 0.0ms)


Started GET "/assets/static_pages.self-e3b0c44298fc1c149afbf4c8996fb92427ae41e4649b934ca495991b7852b855.css?body=1" for ::1 at 2015-06-05 12:45:35 -0500


Started GET "/assets/application.self-e80e8f2318043e8af94dddc2adad5a4f09739a8ebb323b3ab31cd71d45fd9113.css?body=1" for ::1 at 2015-06-05 12:45:35 -0500


Started GET "/assets/application.self-3a3c8b61bda630ee689740ce7cbd0dd8ea6fdd45e2c42eef4661ab38cf268afe.js?body=1" for ::1 at 2015-06-05 12:45:35 -0500


Started GET "/assets/static_pages.self-877aef30ae1b040ab8a3aba4e3e309a11d7f2612f44dde450b5c157aa5f95c05.js?body=1" for ::1 at 2015-06-05 12:45:35 -0500


Started GET "/assets/turbolinks.self-680e388bf7f759d85e2dbe0044d33f55e12b26da721317111c01ec92e53df55e.js?body=1" for ::1 at 2015-06-05 12:45:35 -0500


Started GET "/assets/jquery_ujs.self-8e98a7a072a6cee1372d19fff9ff3e6aa1e39a37d89d6f06861637d061113ee7.js?body=1" for ::1 at 2015-06-05 12:45:35 -0500


Started GET "/assets/jquery.self-d03a5518f45df77341bdbe6201ba3bfa547ebba8ed64f0ea56bfa5f96ea7c074.js?body=1" for ::1 at 2015-06-05 12:45:35 -0500
  [1m[36m (1.7ms)[0m  [1mCREATE TABLE "schema_migrations" ("version" varchar NOT NULL) [0m
  [1m[35m (0.1ms)[0m  select sqlite_version(*)
  [1m[36m (0.9ms)[0m  [1mCREATE UNIQUE INDEX "unique_schema_migrations" ON "schema_migrations" ("version")[0m
  [1m[35mActiveRecord::SchemaMigration Load (0.2ms)[0m  SELECT "schema_migrations".* FROM "schema_migrations"


Started GET "/" for ::1 at 2015-06-14 16:22:03 -0500
Processing by StaticPagesController#home as HTML
  Rendered static_pages/home.html.erb within layouts/application (1.7ms)
Completed 200 OK in 286ms (Views: 272.8ms | ActiveRecord: 0.0ms)


Started GET "/" for ::1 at 2015-06-14 16:22:03 -0500
Processing by StaticPagesController#home as HTML
  Rendered static_pages/home.html.erb within layouts/application (0.1ms)
Completed 200 OK in 43ms (Views: 42.7ms | ActiveRecord: 0.0ms)


Started GET "/assets/turbolinks.self-680e388bf7f759d85e2dbe0044d33f55e12b26da721317111c01ec92e53df55e.js?body=1" for ::1 at 2015-06-14 16:22:04 -0500


Started GET "/assets/static_pages.self-e3b0c44298fc1c149afbf4c8996fb92427ae41e4649b934ca495991b7852b855.css?body=1" for ::1 at 2015-06-14 16:22:04 -0500


Started GET "/assets/static_pages.self-877aef30ae1b040ab8a3aba4e3e309a11d7f2612f44dde450b5c157aa5f95c05.js?body=1" for ::1 at 2015-06-14 16:22:04 -0500


Started GET "/assets/application.self-3a3c8b61bda630ee689740ce7cbd0dd8ea6fdd45e2c42eef4661ab38cf268afe.js?body=1" for ::1 at 2015-06-14 16:22:04 -0500


Started GET "/" for ::1 at 2015-06-14 20:57:46 -0500
Processing by StaticPagesController#home as HTML
  Rendered static_pages/home.html.erb within layouts/application (51.7ms)
Completed 200 OK in 311ms (Views: 302.2ms | ActiveRecord: 0.0ms)


Started GET "/assets/static_pages.self-e3b0c44298fc1c149afbf4c8996fb92427ae41e4649b934ca495991b7852b855.css?body=1" for ::1 at 2015-06-14 20:57:46 -0500


Started GET "/assets/application.self-e80e8f2318043e8af94dddc2adad5a4f09739a8ebb323b3ab31cd71d45fd9113.css?body=1" for ::1 at 2015-06-14 20:57:46 -0500


Started GET "/assets/jquery_ujs.self-8e98a7a072a6cee1372d19fff9ff3e6aa1e39a37d89d6f06861637d061113ee7.js?body=1" for ::1 at 2015-06-14 20:57:46 -0500


Started GET "/assets/jquery.self-d03a5518f45df77341bdbe6201ba3bfa547ebba8ed64f0ea56bfa5f96ea7c074.js?body=1" for ::1 at 2015-06-14 20:57:46 -0500


Started GET "/assets/turbolinks.self-680e388bf7f759d85e2dbe0044d33f55e12b26da721317111c01ec92e53df55e.js?body=1" for ::1 at 2015-06-14 20:57:46 -0500


Started GET "/assets/static_pages.self-877aef30ae1b040ab8a3aba4e3e309a11d7f2612f44dde450b5c157aa5f95c05.js?body=1" for ::1 at 2015-06-14 20:57:46 -0500


Started GET "/assets/application.self-3a3c8b61bda630ee689740ce7cbd0dd8ea6fdd45e2c42eef4661ab38cf268afe.js?body=1" for ::1 at 2015-06-14 20:57:46 -0500


Started GET "/assets/rails-c094bc3a4bf50e5bb477109e5cb0d213af27ad75b481c4df249f50974dbeefe6.png" for ::1 at 2015-06-14 20:57:46 -0500


Started GET "/" for ::1 at 2015-06-14 21:01:58 -0500
Processing by StaticPagesController#home as HTML
  Rendered static_pages/home.html.erb within layouts/application (6.3ms)
Completed 500 Internal Server Error in 113ms

Sass::SyntaxError (File to import not found or unreadable: bootstrap-sprockets.
Load paths:
  /Users/ebrengle/Box Sync/NSS/sample_app/app/assets/images
  /Users/ebrengle/Box Sync/NSS/sample_app/app/assets/javascripts
  /Users/ebrengle/Box Sync/NSS/sample_app/app/assets/stylesheets
  /Users/ebrengle/Box Sync/NSS/sample_app/vendor/assets/javascripts
  /Users/ebrengle/Box Sync/NSS/sample_app/vendor/assets/stylesheets
  /Users/ebrengle/.rvm/gems/ruby-2.2.2/gems/web-console-2.0.0.beta3/app/assets/javascripts
  /Users/ebrengle/.rvm/gems/ruby-2.2.2/gems/web-console-2.0.0.beta3/app/assets/stylesheets
  /Users/ebrengle/.rvm/gems/ruby-2.2.2/gems/web-console-2.0.0.beta3/lib/assets/javascripts
  /Users/ebrengle/.rvm/gems/ruby-2.2.2/gems/web-console-2.0.0.beta3/vendor/assets/javascripts
  /Users/ebrengle/.rvm/gems/ruby-2.2.2/gems/turbolinks-2.3.0/lib/assets/javascripts
  /Users/ebrengle/.rvm/gems/ruby-2.2.2/gems/jquery-rails-4.0.3/vendor/assets/javascripts
  /Users/ebrengle/.rvm/gems/ruby-2.2.2/gems/coffee-rails-4.1.0/lib/assets/javascripts):
  app/assets/stylesheets/custom.css.scss:1
  app/views/layouts/application.html.erb:5:in `_app_views_layouts_application_html_erb__4580199112162791355_70108625643980'


  Rendered /Users/ebrengle/.rvm/gems/ruby-2.2.2/gems/web-console-2.0.0.beta3/lib/action_dispatch/templates/rescues/_source.erb (18.3ms)
  Rendered /Users/ebrengle/.rvm/gems/ruby-2.2.2/gems/web-console-2.0.0.beta3/lib/action_dispatch/templates/rescues/_trace.html.erb (6.7ms)
  Rendered /Users/ebrengle/.rvm/gems/ruby-2.2.2/gems/web-console-2.0.0.beta3/lib/action_dispatch/templates/rescues/_request_and_response.html.erb (1.1ms)
  Rendered /Users/ebrengle/.rvm/gems/ruby-2.2.2/gems/web-console-2.0.0.beta3/lib/action_dispatch/templates/rescues/_web_console.html.erb (1.3ms)
  Rendered /Users/ebrengle/.rvm/gems/ruby-2.2.2/gems/web-console-2.0.0.beta3/lib/action_dispatch/templates/rescues/diagnostics.html.erb within rescues/layout (101.1ms)


Started GET "/" for ::1 at 2015-06-14 21:02:53 -0500
Processing by StaticPagesController#home as HTML
  Rendered static_pages/home.html.erb within layouts/application (1.5ms)
Completed 500 Internal Server Error in 35ms

Sass::SyntaxError (File to import not found or unreadable: bootstrap-sprockets.
Load paths:
  /Users/ebrengle/Box Sync/NSS/sample_app/app/assets/images
  /Users/ebrengle/Box Sync/NSS/sample_app/app/assets/javascripts
  /Users/ebrengle/Box Sync/NSS/sample_app/app/assets/stylesheets
  /Users/ebrengle/Box Sync/NSS/sample_app/vendor/assets/javascripts
  /Users/ebrengle/Box Sync/NSS/sample_app/vendor/assets/stylesheets
  /Users/ebrengle/.rvm/gems/ruby-2.2.2/gems/web-console-2.0.0.beta3/app/assets/javascripts
  /Users/ebrengle/.rvm/gems/ruby-2.2.2/gems/web-console-2.0.0.beta3/app/assets/stylesheets
  /Users/ebrengle/.rvm/gems/ruby-2.2.2/gems/web-console-2.0.0.beta3/lib/assets/javascripts
  /Users/ebrengle/.rvm/gems/ruby-2.2.2/gems/web-console-2.0.0.beta3/vendor/assets/javascripts
  /Users/ebrengle/.rvm/gems/ruby-2.2.2/gems/turbolinks-2.3.0/lib/assets/javascripts
  /Users/ebrengle/.rvm/gems/ruby-2.2.2/gems/jquery-rails-4.0.3/vendor/assets/javascripts
  /Users/ebrengle/.rvm/gems/ruby-2.2.2/gems/coffee-rails-4.1.0/lib/assets/javascripts):
  app/assets/stylesheets/custom.css.scss:1
  app/views/layouts/application.html.erb:5:in `_app_views_layouts_application_html_erb__4580199112162791355_70108625643980'


  Rendered /Users/ebrengle/.rvm/gems/ruby-2.2.2/gems/web-console-2.0.0.beta3/lib/action_dispatch/templates/rescues/_source.erb (10.1ms)
  Rendered /Users/ebrengle/.rvm/gems/ruby-2.2.2/gems/web-console-2.0.0.beta3/lib/action_dispatch/templates/rescues/_trace.html.erb (6.1ms)
  Rendered /Users/ebrengle/.rvm/gems/ruby-2.2.2/gems/web-console-2.0.0.beta3/lib/action_dispatch/templates/rescues/_request_and_response.html.erb (1.0ms)
  Rendered /Users/ebrengle/.rvm/gems/ruby-2.2.2/gems/web-console-2.0.0.beta3/lib/action_dispatch/templates/rescues/_web_console.html.erb (1.5ms)
  Rendered /Users/ebrengle/.rvm/gems/ruby-2.2.2/gems/web-console-2.0.0.beta3/lib/action_dispatch/templates/rescues/diagnostics.html.erb within rescues/layout (95.4ms)


Started GET "/" for ::1 at 2015-06-14 21:08:52 -0500
Processing by StaticPagesController#home as HTML
  Rendered static_pages/home.html.erb within layouts/application (174.8ms)
Completed 200 OK in 4339ms (Views: 4323.0ms | ActiveRecord: 0.0ms)


Started GET "/assets/application.self-e80e8f2318043e8af94dddc2adad5a4f09739a8ebb323b3ab31cd71d45fd9113.css?body=1" for ::1 at 2015-06-14 21:08:56 -0500


Started GET "/assets/static_pages.self-e3b0c44298fc1c149afbf4c8996fb92427ae41e4649b934ca495991b7852b855.css?body=1" for ::1 at 2015-06-14 21:08:56 -0500


Started GET "/assets/custom.self-633163a316586a9e7f9144b7f9669690234fed22a3e59c612ea1b6d05d09ac5a.css?body=1" for ::1 at 2015-06-14 21:08:56 -0500


Started GET "/assets/jquery.self-d03a5518f45df77341bdbe6201ba3bfa547ebba8ed64f0ea56bfa5f96ea7c074.js?body=1" for ::1 at 2015-06-14 21:08:56 -0500


Started GET "/assets/turbolinks.self-680e388bf7f759d85e2dbe0044d33f55e12b26da721317111c01ec92e53df55e.js?body=1" for ::1 at 2015-06-14 21:08:56 -0500


Started GET "/assets/jquery_ujs.self-8e98a7a072a6cee1372d19fff9ff3e6aa1e39a37d89d6f06861637d061113ee7.js?body=1" for ::1 at 2015-06-14 21:08:56 -0500


Started GET "/assets/static_pages.self-877aef30ae1b040ab8a3aba4e3e309a11d7f2612f44dde450b5c157aa5f95c05.js?body=1" for ::1 at 2015-06-14 21:08:56 -0500


Started GET "/assets/application.self-3a3c8b61bda630ee689740ce7cbd0dd8ea6fdd45e2c42eef4661ab38cf268afe.js?body=1" for ::1 at 2015-06-14 21:08:56 -0500


Started GET "/assets/rails-c094bc3a4bf50e5bb477109e5cb0d213af27ad75b481c4df249f50974dbeefe6.png" for ::1 at 2015-06-14 21:08:56 -0500


Started GET "/assets/turbolinks.self-680e388bf7f759d85e2dbe0044d33f55e12b26da721317111c01ec92e53df55e.js?body=1" for ::1 at 2015-06-14 21:08:57 -0500


Started GET "/" for ::1 at 2015-06-14 21:09:31 -0500
Processing by StaticPagesController#home as HTML
  Rendered static_pages/home.html.erb within layouts/application (1.8ms)
Completed 200 OK in 2043ms (Views: 2042.3ms | ActiveRecord: 0.0ms)


Started GET "/assets/static_pages.self-e3b0c44298fc1c149afbf4c8996fb92427ae41e4649b934ca495991b7852b855.css?body=1" for ::1 at 2015-06-14 21:09:33 -0500


Started GET "/assets/jquery.self-d03a5518f45df77341bdbe6201ba3bfa547ebba8ed64f0ea56bfa5f96ea7c074.js?body=1" for ::1 at 2015-06-14 21:09:33 -0500


Started GET "/assets/application.self-e80e8f2318043e8af94dddc2adad5a4f09739a8ebb323b3ab31cd71d45fd9113.css?body=1" for ::1 at 2015-06-14 21:09:33 -0500


Started GET "/assets/static_pages.self-877aef30ae1b040ab8a3aba4e3e309a11d7f2612f44dde450b5c157aa5f95c05.js?body=1" for ::1 at 2015-06-14 21:09:33 -0500


Started GET "/assets/custom.self-db07ce62db78a5e40022e1b8be01e01608c8ae5a320ed0233d27ce44d74ced52.css?body=1" for ::1 at 2015-06-14 21:09:33 -0500


Started GET "/assets/jquery_ujs.self-8e98a7a072a6cee1372d19fff9ff3e6aa1e39a37d89d6f06861637d061113ee7.js?body=1" for ::1 at 2015-06-14 21:09:33 -0500


Started GET "/assets/turbolinks.self-680e388bf7f759d85e2dbe0044d33f55e12b26da721317111c01ec92e53df55e.js?body=1" for ::1 at 2015-06-14 21:09:33 -0500


Started GET "/assets/application.self-3a3c8b61bda630ee689740ce7cbd0dd8ea6fdd45e2c42eef4661ab38cf268afe.js?body=1" for ::1 at 2015-06-14 21:09:33 -0500


Started GET "/assets/rails-c094bc3a4bf50e5bb477109e5cb0d213af27ad75b481c4df249f50974dbeefe6.png" for ::1 at 2015-06-14 21:09:33 -0500


Started GET "/" for ::1 at 2015-06-14 21:10:13 -0500
Processing by StaticPagesController#home as HTML
  Rendered static_pages/home.html.erb within layouts/application (1.5ms)
Completed 200 OK in 1934ms (Views: 1933.5ms | ActiveRecord: 0.0ms)


Started GET "/assets/custom.self-598ad9fd72b9744f750ffeb1d5a63995b3b07605b04af90daeeeeaaa01691707.css?body=1" for ::1 at 2015-06-14 21:10:15 -0500


Started GET "/assets/jquery.self-d03a5518f45df77341bdbe6201ba3bfa547ebba8ed64f0ea56bfa5f96ea7c074.js?body=1" for ::1 at 2015-06-14 21:10:15 -0500


Started GET "/assets/jquery_ujs.self-8e98a7a072a6cee1372d19fff9ff3e6aa1e39a37d89d6f06861637d061113ee7.js?body=1" for ::1 at 2015-06-14 21:10:15 -0500


Started GET "/assets/turbolinks.self-680e388bf7f759d85e2dbe0044d33f55e12b26da721317111c01ec92e53df55e.js?body=1" for ::1 at 2015-06-14 21:10:15 -0500


Started GET "/assets/static_pages.self-e3b0c44298fc1c149afbf4c8996fb92427ae41e4649b934ca495991b7852b855.css?body=1" for ::1 at 2015-06-14 21:10:15 -0500


Started GET "/assets/application.self-e80e8f2318043e8af94dddc2adad5a4f09739a8ebb323b3ab31cd71d45fd9113.css?body=1" for ::1 at 2015-06-14 21:10:15 -0500


Started GET "/assets/static_pages.self-877aef30ae1b040ab8a3aba4e3e309a11d7f2612f44dde450b5c157aa5f95c05.js?body=1" for ::1 at 2015-06-14 21:10:15 -0500


Started GET "/assets/application.self-3a3c8b61bda630ee689740ce7cbd0dd8ea6fdd45e2c42eef4661ab38cf268afe.js?body=1" for ::1 at 2015-06-14 21:10:15 -0500


Started GET "/assets/rails-c094bc3a4bf50e5bb477109e5cb0d213af27ad75b481c4df249f50974dbeefe6.png" for ::1 at 2015-06-14 21:10:15 -0500


Started GET "/" for ::1 at 2015-06-14 21:10:48 -0500
Processing by StaticPagesController#home as HTML
  Rendered static_pages/home.html.erb within layouts/application (2.0ms)
Completed 200 OK in 2120ms (Views: 2119.3ms | ActiveRecord: 0.0ms)


Started GET "/assets/static_pages.self-e3b0c44298fc1c149afbf4c8996fb92427ae41e4649b934ca495991b7852b855.css?body=1" for ::1 at 2015-06-14 21:10:50 -0500


Started GET "/assets/application.self-e80e8f2318043e8af94dddc2adad5a4f09739a8ebb323b3ab31cd71d45fd9113.css?body=1" for ::1 at 2015-06-14 21:10:50 -0500


Started GET "/assets/custom.self-eaa99b58412046c48c3043c2257594f8735390427d5913f4f5280fe88deeeef4.css?body=1" for ::1 at 2015-06-14 21:10:50 -0500


Started GET "/assets/static_pages.self-877aef30ae1b040ab8a3aba4e3e309a11d7f2612f44dde450b5c157aa5f95c05.js?body=1" for ::1 at 2015-06-14 21:10:50 -0500


Started GET "/assets/jquery.self-d03a5518f45df77341bdbe6201ba3bfa547ebba8ed64f0ea56bfa5f96ea7c074.js?body=1" for ::1 at 2015-06-14 21:10:50 -0500


Started GET "/assets/jquery_ujs.self-8e98a7a072a6cee1372d19fff9ff3e6aa1e39a37d89d6f06861637d061113ee7.js?body=1" for ::1 at 2015-06-14 21:10:50 -0500


Started GET "/assets/turbolinks.self-680e388bf7f759d85e2dbe0044d33f55e12b26da721317111c01ec92e53df55e.js?body=1" for ::1 at 2015-06-14 21:10:50 -0500


Started GET "/assets/application.self-3a3c8b61bda630ee689740ce7cbd0dd8ea6fdd45e2c42eef4661ab38cf268afe.js?body=1" for ::1 at 2015-06-14 21:10:50 -0500


Started GET "/assets/rails-c094bc3a4bf50e5bb477109e5cb0d213af27ad75b481c4df249f50974dbeefe6.png" for ::1 at 2015-06-14 21:10:50 -0500


Started GET "/" for ::1 at 2015-06-14 21:14:35 -0500
Processing by StaticPagesController#home as HTML
  Rendered static_pages/home.html.erb within layouts/application (1.5ms)
  Rendered layouts/_shim.html.erb (0.4ms)
  Rendered layouts/_header.html.erb (0.4ms)
Completed 200 OK in 82ms (Views: 81.7ms | ActiveRecord: 0.0ms)


Started GET "/assets/static_pages.self-e3b0c44298fc1c149afbf4c8996fb92427ae41e4649b934ca495991b7852b855.css?body=1" for ::1 at 2015-06-14 21:14:35 -0500


Started GET "/assets/custom.self-eaa99b58412046c48c3043c2257594f8735390427d5913f4f5280fe88deeeef4.css?body=1" for ::1 at 2015-06-14 21:14:35 -0500


Started GET "/assets/jquery.self-d03a5518f45df77341bdbe6201ba3bfa547ebba8ed64f0ea56bfa5f96ea7c074.js?body=1" for ::1 at 2015-06-14 21:14:35 -0500


Started GET "/assets/jquery_ujs.self-8e98a7a072a6cee1372d19fff9ff3e6aa1e39a37d89d6f06861637d061113ee7.js?body=1" for ::1 at 2015-06-14 21:14:35 -0500


Started GET "/assets/application.self-e80e8f2318043e8af94dddc2adad5a4f09739a8ebb323b3ab31cd71d45fd9113.css?body=1" for ::1 at 2015-06-14 21:14:35 -0500


Started GET "/assets/turbolinks.self-680e388bf7f759d85e2dbe0044d33f55e12b26da721317111c01ec92e53df55e.js?body=1" for ::1 at 2015-06-14 21:14:35 -0500


Started GET "/assets/static_pages.self-877aef30ae1b040ab8a3aba4e3e309a11d7f2612f44dde450b5c157aa5f95c05.js?body=1" for ::1 at 2015-06-14 21:14:35 -0500


Started GET "/assets/application.self-3a3c8b61bda630ee689740ce7cbd0dd8ea6fdd45e2c42eef4661ab38cf268afe.js?body=1" for ::1 at 2015-06-14 21:14:35 -0500


Started GET "/assets/rails-c094bc3a4bf50e5bb477109e5cb0d213af27ad75b481c4df249f50974dbeefe6.png" for ::1 at 2015-06-14 21:14:35 -0500


Started GET "/" for ::1 at 2015-06-14 21:14:39 -0500
Processing by StaticPagesController#home as HTML
  Rendered static_pages/home.html.erb within layouts/application (1.5ms)
  Rendered layouts/_shim.html.erb (0.1ms)
  Rendered layouts/_header.html.erb (0.1ms)
Completed 200 OK in 70ms (Views: 69.1ms | ActiveRecord: 0.0ms)


Started GET "/assets/static_pages.self-e3b0c44298fc1c149afbf4c8996fb92427ae41e4649b934ca495991b7852b855.css?body=1" for ::1 at 2015-06-14 21:14:39 -0500


Started GET "/assets/custom.self-eaa99b58412046c48c3043c2257594f8735390427d5913f4f5280fe88deeeef4.css?body=1" for ::1 at 2015-06-14 21:14:39 -0500


Started GET "/assets/jquery.self-d03a5518f45df77341bdbe6201ba3bfa547ebba8ed64f0ea56bfa5f96ea7c074.js?body=1" for ::1 at 2015-06-14 21:14:39 -0500


Started GET "/assets/turbolinks.self-680e388bf7f759d85e2dbe0044d33f55e12b26da721317111c01ec92e53df55e.js?body=1" for ::1 at 2015-06-14 21:14:39 -0500


Started GET "/assets/application.self-e80e8f2318043e8af94dddc2adad5a4f09739a8ebb323b3ab31cd71d45fd9113.css?body=1" for ::1 at 2015-06-14 21:14:39 -0500


Started GET "/assets/jquery_ujs.self-8e98a7a072a6cee1372d19fff9ff3e6aa1e39a37d89d6f06861637d061113ee7.js?body=1" for ::1 at 2015-06-14 21:14:39 -0500


Started GET "/assets/static_pages.self-877aef30ae1b040ab8a3aba4e3e309a11d7f2612f44dde450b5c157aa5f95c05.js?body=1" for ::1 at 2015-06-14 21:14:39 -0500


Started GET "/assets/application.self-3a3c8b61bda630ee689740ce7cbd0dd8ea6fdd45e2c42eef4661ab38cf268afe.js?body=1" for ::1 at 2015-06-14 21:14:39 -0500


Started GET "/assets/rails-c094bc3a4bf50e5bb477109e5cb0d213af27ad75b481c4df249f50974dbeefe6.png" for ::1 at 2015-06-14 21:14:39 -0500


Started GET "/" for ::1 at 2015-06-14 21:16:18 -0500
Processing by StaticPagesController#home as HTML
  Rendered static_pages/home.html.erb within layouts/application (2.4ms)
  Rendered layouts/_shim.html.erb (0.1ms)
  Rendered layouts/_header.html.erb (0.1ms)
  Rendered layouts/_footer.html.erb (0.4ms)
Completed 200 OK in 84ms (Views: 83.2ms | ActiveRecord: 0.0ms)


Started GET "/assets/static_pages.self-e3b0c44298fc1c149afbf4c8996fb92427ae41e4649b934ca495991b7852b855.css?body=1" for ::1 at 2015-06-14 21:16:18 -0500


Started GET "/assets/custom.self-eaa99b58412046c48c3043c2257594f8735390427d5913f4f5280fe88deeeef4.css?body=1" for ::1 at 2015-06-14 21:16:18 -0500


Started GET "/assets/application.self-e80e8f2318043e8af94dddc2adad5a4f09739a8ebb323b3ab31cd71d45fd9113.css?body=1" for ::1 at 2015-06-14 21:16:18 -0500


Started GET "/assets/jquery_ujs.self-8e98a7a072a6cee1372d19fff9ff3e6aa1e39a37d89d6f06861637d061113ee7.js?body=1" for ::1 at 2015-06-14 21:16:18 -0500


Started GET "/assets/turbolinks.self-680e388bf7f759d85e2dbe0044d33f55e12b26da721317111c01ec92e53df55e.js?body=1" for ::1 at 2015-06-14 21:16:18 -0500


Started GET "/assets/jquery.self-d03a5518f45df77341bdbe6201ba3bfa547ebba8ed64f0ea56bfa5f96ea7c074.js?body=1" for ::1 at 2015-06-14 21:16:18 -0500


Started GET "/assets/static_pages.self-877aef30ae1b040ab8a3aba4e3e309a11d7f2612f44dde450b5c157aa5f95c05.js?body=1" for ::1 at 2015-06-14 21:16:18 -0500


Started GET "/assets/application.self-3a3c8b61bda630ee689740ce7cbd0dd8ea6fdd45e2c42eef4661ab38cf268afe.js?body=1" for ::1 at 2015-06-14 21:16:18 -0500


Started GET "/assets/rails-c094bc3a4bf50e5bb477109e5cb0d213af27ad75b481c4df249f50974dbeefe6.png" for ::1 at 2015-06-14 21:16:18 -0500


Started GET "/" for ::1 at 2015-06-14 21:16:50 -0500
Processing by StaticPagesController#home as HTML
  Rendered static_pages/home.html.erb within layouts/application (1.6ms)
  Rendered layouts/_shim.html.erb (0.2ms)
  Rendered layouts/_header.html.erb (0.2ms)
  Rendered layouts/_footer.html.erb (0.1ms)
Completed 200 OK in 2295ms (Views: 2294.2ms | ActiveRecord: 0.0ms)


Started GET "/assets/static_pages.self-e3b0c44298fc1c149afbf4c8996fb92427ae41e4649b934ca495991b7852b855.css?body=1" for ::1 at 2015-06-14 21:16:52 -0500


Started GET "/assets/jquery.self-d03a5518f45df77341bdbe6201ba3bfa547ebba8ed64f0ea56bfa5f96ea7c074.js?body=1" for ::1 at 2015-06-14 21:16:52 -0500


Started GET "/assets/application.self-e80e8f2318043e8af94dddc2adad5a4f09739a8ebb323b3ab31cd71d45fd9113.css?body=1" for ::1 at 2015-06-14 21:16:52 -0500


Started GET "/assets/static_pages.self-877aef30ae1b040ab8a3aba4e3e309a11d7f2612f44dde450b5c157aa5f95c05.js?body=1" for ::1 at 2015-06-14 21:16:52 -0500


Started GET "/assets/turbolinks.self-680e388bf7f759d85e2dbe0044d33f55e12b26da721317111c01ec92e53df55e.js?body=1" for ::1 at 2015-06-14 21:16:52 -0500


Started GET "/assets/jquery_ujs.self-8e98a7a072a6cee1372d19fff9ff3e6aa1e39a37d89d6f06861637d061113ee7.js?body=1" for ::1 at 2015-06-14 21:16:52 -0500


Started GET "/assets/application.self-3a3c8b61bda630ee689740ce7cbd0dd8ea6fdd45e2c42eef4661ab38cf268afe.js?body=1" for ::1 at 2015-06-14 21:16:52 -0500


Started GET "/assets/rails-c094bc3a4bf50e5bb477109e5cb0d213af27ad75b481c4df249f50974dbeefe6.png" for ::1 at 2015-06-14 21:16:52 -0500


Started GET "/assets/custom.self-43d4de8a65c70c85d17011e915de5c3957fe44b959a817e79bcfff243ca8c7d9.css?body=1" for ::1 at 2015-06-14 21:16:52 -0500
